d:\交大\计算机图形学\cg project\8th project\vs project\test for raytracing\x64\debug\vc142.pdb
d:\交大\计算机图形学\cg project\8th project\vs project\test for raytracing\x64\debug\vc142.idb
d:\交大\计算机图形学\cg project\8th project\vs project\test for raytracing\x64\debug\frameresource.obj
d:\交大\计算机图形学\cg project\8th project\vs project\test for raytracing\x64\debug\main.obj
d:\交大\计算机图形学\cg project\8th project\vs project\test for raytracing\x64\debug\mathhelper.obj
d:\交大\计算机图形学\cg project\8th project\vs project\test for raytracing\x64\debug\geometrygenerator.obj
d:\交大\计算机图形学\cg project\8th project\vs project\test for raytracing\x64\debug\gametimer.obj
d:\交大\计算机图形学\cg project\8th project\vs project\test for raytracing\x64\debug\d3dutil.obj
d:\交大\计算机图形学\cg project\8th project\vs project\test for raytracing\x64\debug\d3dapp.obj
d:\交大\计算机图形学\cg project\8th project\vs project\test for raytracing\x64\debug\domainshader.cso
d:\交大\计算机图形学\cg project\8th project\vs project\test for raytracing\x64\debug\hullshader.cso
d:\交大\计算机图形学\cg project\8th project\vs project\test for raytracing\x64\debug\pixelshader.cso
d:\交大\计算机图形学\cg project\8th project\vs project\test for raytracing\x64\debug\vertexshader.cso
d:\交大\计算机图形学\cg project\8th project\vs project\test for raytracing\x64\debug\raytracing-per-pixel.ilk
d:\交大\计算机图形学\cg project\8th project\vs project\test for raytracing\x64\debug\raytracing-per-pixel.exe
d:\交大\计算机图形学\cg project\8th project\vs project\test for raytracing\x64\debug\raytracing-per-pixel.pdb
d:\交大\计算机图形学\cg project\8th project\vs project\test for raytracing\x64\debug\raytraci.66252cda.tlog\cl.command.1.tlog
d:\交大\计算机图形学\cg project\8th project\vs project\test for raytracing\x64\debug\raytraci.66252cda.tlog\cl.read.1.tlog
d:\交大\计算机图形学\cg project\8th project\vs project\test for raytracing\x64\debug\raytraci.66252cda.tlog\cl.write.1.tlog
d:\交大\计算机图形学\cg project\8th project\vs project\test for raytracing\x64\debug\raytraci.66252cda.tlog\fxc.command.1.tlog
d:\交大\计算机图形学\cg project\8th project\vs project\test for raytracing\x64\debug\raytraci.66252cda.tlog\fxc.read.1.tlog
d:\交大\计算机图形学\cg project\8th project\vs project\test for raytracing\x64\debug\raytraci.66252cda.tlog\fxc.write.1.tlog
d:\交大\计算机图形学\cg project\8th project\vs project\test for raytracing\x64\debug\raytraci.66252cda.tlog\link.command.1.tlog
d:\交大\计算机图形学\cg project\8th project\vs project\test for raytracing\x64\debug\raytraci.66252cda.tlog\link.read.1.tlog
d:\交大\计算机图形学\cg project\8th project\vs project\test for raytracing\x64\debug\raytraci.66252cda.tlog\link.write.1.tlog
