  GraphGenerator.cpp
D:\VS code\VS\BigProject\BigProject\GraphGenerator.h(90,34): warning C4244: “参数”: 从“time_t”转换到“unsigned int”，可能丢失数据
D:\VS code\VS\BigProject\BigProject\GraphGenerator.cpp(58,44): warning C4018: “<”: 有符号/无符号不匹配
D:\VS code\VS\BigProject\BigProject\GraphGenerator.cpp(65,19): warning C4018: “<”: 有符号/无符号不匹配
D:\VS code\VS\BigProject\BigProject\GraphGenerator.cpp(86,18): warning C4018: “<”: 有符号/无符号不匹配
D:\VS code\VS\BigProject\BigProject\GraphGenerator.cpp(95,18): warning C4018: “<”: 有符号/无符号不匹配
D:\VS code\VS\BigProject\BigProject\GraphGenerator.cpp(114,24): warning C4018: “<”: 有符号/无符号不匹配
D:\VS code\VS\BigProject\BigProject\GraphGenerator.cpp(136,55): warning C4018: “<”: 有符号/无符号不匹配
D:\VS code\VS\BigProject\BigProject\GraphGenerator.cpp(143,19): warning C4018: “<”: 有符号/无符号不匹配
D:\VS code\VS\BigProject\BigProject\GraphGenerator.cpp(164,18): warning C4018: “<”: 有符号/无符号不匹配
D:\VS code\VS\BigProject\BigProject\GraphGenerator.cpp(173,18): warning C4018: “<”: 有符号/无符号不匹配
D:\VS code\VS\BigProject\BigProject\GraphGenerator.cpp(217,19): warning C4018: “<”: 有符号/无符号不匹配
D:\VS code\VS\BigProject\BigProject\GraphGenerator.cpp(229,19): warning C4018: “<”: 有符号/无符号不匹配
D:\VS code\VS\BigProject\BigProject\GraphGenerator.cpp(303,21): warning C4018: “<”: 有符号/无符号不匹配
D:\VS code\VS\BigProject\BigProject\GraphGenerator.cpp(336,8): warning C4018: “>=”: 有符号/无符号不匹配
D:\VS code\VS\BigProject\BigProject\GraphGenerator.cpp(373,20): warning C4018: “<”: 有符号/无符号不匹配
D:\VS code\VS\BigProject\BigProject\GraphGenerator.cpp(392,20): warning C4018: “<”: 有符号/无符号不匹配
D:\VS code\VS\BigProject\BigProject\GraphGenerator.cpp(395,21): warning C4018: “<”: 有符号/无符号不匹配
D:\VS code\VS\BigProject\BigProject\GraphGenerator.cpp(398,45): warning C4244: “+=”: 从“_Ty”转换到“int”，可能丢失数据
          with
          [
              _Ty=double
          ]
D:\VS code\VS\BigProject\BigProject\GraphGenerator.cpp(420,21): warning C4018: “<”: 有符号/无符号不匹配
D:\VS code\VS\BigProject\BigProject\GraphGenerator.cpp(422,22): warning C4018: “<”: 有符号/无符号不匹配
D:\VS code\VS\BigProject\BigProject\GraphGenerator.cpp(441,23): warning C4018: “<”: 有符号/无符号不匹配
D:\VS code\VS\BigProject\BigProject\GraphGenerator.cpp(472,40): warning C4018: “<”: 有符号/无符号不匹配
D:\VS code\VS\BigProject\BigProject\GraphGenerator.cpp(478,22): warning C4018: “<”: 有符号/无符号不匹配
D:\VS code\VS\BigProject\BigProject\GraphGenerator.cpp(484,24): warning C4018: “<”: 有符号/无符号不匹配
D:\VS code\VS\BigProject\BigProject\GraphGenerator.cpp(485,95): warning C4244: “+=”: 从“_Ty”转换到“int”，可能丢失数据
          with
          [
              _Ty=double
          ]
D:\VS code\VS\BigProject\BigProject\GraphGenerator.cpp(508,20): warning C4018: “<”: 有符号/无符号不匹配
D:\VS code\VS\BigProject\BigProject\GraphGenerator.cpp(522,21): warning C4018: “<”: 有符号/无符号不匹配
D:\VS code\VS\BigProject\BigProject\GraphGenerator.cpp(528,21): warning C4018: “<”: 有符号/无符号不匹配
D:\VS code\VS\BigProject\BigProject\GraphGenerator.cpp(533,23): warning C4018: “<”: 有符号/无符号不匹配
D:\VS code\VS\BigProject\BigProject\GraphGenerator.cpp(546,21): warning C4018: “<”: 有符号/无符号不匹配
D:\VS code\VS\BigProject\BigProject\GraphGenerator.cpp(553,19): warning C4018: “<”: 有符号/无符号不匹配
D:\VS code\VS\BigProject\BigProject\GraphGenerator.cpp(560,24): warning C4018: “<”: 有符号/无符号不匹配
D:\VS code\VS\BigProject\BigProject\GraphGenerator.cpp(565,26): warning C4018: “<”: 有符号/无符号不匹配
D:\VS code\VS\BigProject\BigProject\GraphGenerator.cpp(623,19): warning C4018: “<”: 有符号/无符号不匹配
D:\VS code\VS\BigProject\BigProject\GraphGenerator.cpp(698,20): warning C4018: “<”: 有符号/无符号不匹配
D:\VS code\VS\BigProject\BigProject\GraphGenerator.cpp(707,20): warning C4018: “<”: 有符号/无符号不匹配
D:\VS code\VS\BigProject\BigProject\GraphGenerator.cpp(710,17): warning C4018: “<”: 有符号/无符号不匹配
D:\VS code\VS\BigProject\BigProject\GraphGenerator.cpp(765,19): warning C4018: “<”: 有符号/无符号不匹配
D:\VS code\VS\BigProject\BigProject\GraphGenerator.cpp(770,11): warning C4018: “<”: 有符号/无符号不匹配
D:\VS code\VS\BigProject\BigProject\GraphGenerator.cpp(774,20): warning C4018: “<”: 有符号/无符号不匹配
D:\VS code\VS\BigProject\BigProject\GraphGenerator.cpp(858,20): warning C4018: “<”: 有符号/无符号不匹配
D:\VS code\VS\BigProject\BigProject\GraphGenerator.cpp(883,17): warning C4018: “<”: 有符号/无符号不匹配
D:\VS code\VS\BigProject\BigProject\GraphGenerator.cpp(888,9): warning C4018: “<”: 有符号/无符号不匹配
D:\VS code\VS\BigProject\BigProject\GraphGenerator.cpp(909,21): warning C4018: “<”: 有符号/无符号不匹配
D:\VS code\VS\BigProject\BigProject\GraphGenerator.cpp(911,21): warning C4018: “<”: 有符号/无符号不匹配
D:\VS code\VS\BigProject\BigProject\GraphGenerator.cpp(914,18): warning C4018: “<”: 有符号/无符号不匹配
D:\VS code\VS\BigProject\BigProject\GraphGenerator.cpp(923,21): warning C4018: “<”: 有符号/无符号不匹配
D:\VS code\VS\BigProject\BigProject\GraphGenerator.cpp(926,18): warning C4018: “<”: 有符号/无符号不匹配
D:\VS code\VS\BigProject\BigProject\GraphGenerator.cpp(934,19): warning C4018: “<”: 有符号/无符号不匹配
D:\VS code\VS\BigProject\BigProject\GraphGenerator.cpp(989,20): warning C4018: “<”: 有符号/无符号不匹配
D:\VS code\VS\BigProject\BigProject\GraphGenerator.cpp(1014,21): warning C4018: “<”: 有符号/无符号不匹配
D:\VS code\VS\BigProject\BigProject\GraphGenerator.cpp(1016,22): warning C4018: “<”: 有符号/无符号不匹配
D:\VS code\VS\BigProject\BigProject\GraphGenerator.cpp(1022,20): warning C4018: “<”: 有符号/无符号不匹配
D:\VS code\VS\BigProject\BigProject\GraphGenerator.cpp(1039,20): warning C4018: “<”: 有符号/无符号不匹配
D:\VS code\VS\BigProject\BigProject\GraphGenerator.cpp(1097,20): warning C4018: “<”: 有符号/无符号不匹配
D:\VS code\VS\BigProject\BigProject\GraphGenerator.cpp(1103,20): warning C4018: “<”: 有符号/无符号不匹配
D:\VS code\VS\BigProject\BigProject\GraphGenerator.cpp(1108,12): warning C4018: “<”: 有符号/无符号不匹配
D:\VS code\VS\BigProject\BigProject\GraphGenerator.cpp(1108,40): warning C4018: “<”: 有符号/无符号不匹配
D:\VS code\VS\BigProject\BigProject\GraphGenerator.cpp(1119,20): warning C4018: “<”: 有符号/无符号不匹配
D:\VS code\VS\BigProject\BigProject\GraphGenerator.cpp(1125,20): warning C4018: “<”: 有符号/无符号不匹配
D:\VS code\VS\BigProject\BigProject\GraphGenerator.cpp(1130,12): warning C4018: “<”: 有符号/无符号不匹配
D:\VS code\VS\BigProject\BigProject\GraphGenerator.cpp(1130,40): warning C4018: “<”: 有符号/无符号不匹配
D:\VS code\VS\BigProject\BigProject\GraphGenerator.cpp(1171,20): warning C4018: “<”: 有符号/无符号不匹配
D:\VS code\VS\BigProject\BigProject\GraphGenerator.cpp(1173,21): warning C4018: “<”: 有符号/无符号不匹配
D:\VS code\VS\BigProject\BigProject\GraphGenerator.cpp(1203,16): warning C4018: “<”: 有符号/无符号不匹配
D:\VS code\VS\BigProject\BigProject\GraphGenerator.cpp(1210,16): warning C4018: “<”: 有符号/无符号不匹配
D:\VS code\VS\BigProject\BigProject\GraphGenerator.cpp(1218,16): warning C4018: “<”: 有符号/无符号不匹配
D:\VS code\VS\BigProject\BigProject\GraphGenerator.cpp(1226,16): warning C4018: “<”: 有符号/无符号不匹配
D:\VS code\VS\BigProject\BigProject\adjListGraph.h(233,2): warning C4018: “<”: 有符号/无符号不匹配
D:\VS code\VS\BigProject\BigProject\adjListGraph.h(225): message : 在编译 类 模板 成员函数“std::vector<int,std::allocator<int>> adjListGraph<int,double>::printPath(int,int,int []) const”时
D:\VS code\VS\BigProject\BigProject\adjListGraph.h(197): message : 查看对正在编译的函数 模板 实例化“std::vector<int,std::allocator<int>> adjListGraph<int,double>::printPath(int,int,int []) const”的引用
D:\VS code\VS\BigProject\BigProject\GraphGenerator.cpp(255): message : 查看对正在编译的 类 模板 实例化“adjListGraph<int,double>”的引用
D:\VS code\VS\BigProject\BigProject\adjListGraph.h(216,2): warning C4018: “<”: 有符号/无符号不匹配
D:\VS code\VS\BigProject\BigProject\adjListGraph.h(206): message : 在编译 类 模板 成员函数“std::vector<int,std::allocator<int>> adjListGraph<int,double>::dfs(int,bool []) const”时
D:\VS code\VS\BigProject\BigProject\adjListGraph.h(146): message : 查看对正在编译的函数 模板 实例化“std::vector<int,std::allocator<int>> adjListGraph<int,double>::dfs(int,bool []) const”的引用
D:\VS code\VS\BigProject\BigProject\GraphGenerator.cpp(1262): warning C4715: “GraphGenerator::searchAllSubGraph”: 不是所有的控件路径都返回值
D:\VS code\VS\BigProject\BigProject\adjListGraph.h(42): warning C4715: “adjListGraph<int,double>::find”: 不是所有的控件路径都返回值
  BigProject.vcxproj -> D:\VS code\VS\BigProject\Debug\BigProject.exe
